<?xml version="1.0" encoding="UTF-8"?>
<!-- Generated by org.testng.reporters.JUnitXMLReporter -->
<testsuite ignored="0" hostname="Rajis-Air.attlocal.net" failures="0" tests="4" name="submitorderTest" time="38.476" errors="0" timestamp="2024-02-16T10:42:33 EST">
  <testcase classname="raji.tests.submitordertest" name="samplestandalonetest" time="4.316"/>
  <testcase classname="raji.tests.submitordertest" name="samplestandalonetest" time="4.418"/>
  <testcase classname="raji.tests.submitordertest" name="samplestandalonetest" time="4.313"/>
  <testcase classname="raji.tests.submitordertest" name="orderhistorytest" time="0.798"/>
</testsuite> <!-- submitorderTest -->
