<?xml version="1.0" encoding="UTF-8"?>
<!-- Generated by org.testng.reporters.JUnitXMLReporter -->
<testsuite ignored="0" hostname="Rajis-Air.attlocal.net" failures="0" tests="2" name="errorTest" time="199.319" errors="0" timestamp="2024-03-01T07:29:13 EST">
  <testcase classname="raji.tests.ErrorValidation" name="loginerrorvalidation" time="0.0">
    <skipped/>
  </testcase> <!-- loginerrorvalidation -->
  <testcase classname="raji.tests.ErrorValidation" name="productcatalogueerror" time="0.0">
    <skipped/>
  </testcase> <!-- productcatalogueerror -->
</testsuite> <!-- errorTest -->
